\BOOKMARK [0][-]{chapter.1}{\376\377\000I\000n\000t\000r\000o\000d\000u\000c\000t\000i\000o\000n}{}% 1
\BOOKMARK [0][-]{chapter.2}{\376\377\000R\000a\000n\000s\000o\000m\000e\000w\000a\000r\000e}{}% 2
\BOOKMARK [1][-]{section.2.1}{\376\377\000D\000e\000f\000i\000n\000i\000t\000i\000o\000n}{chapter.2}% 3
\BOOKMARK [2][-]{subsection.2.1.1}{\376\377\000M\000a\000l\000w\000a\000r\000e}{section.2.1}% 4
\BOOKMARK [2][-]{subsection.2.1.2}{\376\377\000R\000a\000n\000s\000o\000m\000e\000w\000a\000r\000e}{section.2.1}% 5
\BOOKMARK [1][-]{section.2.2}{\376\377\000W\000o\000r\000k\000f\000l\000o\000w}{chapter.2}% 6
\BOOKMARK [2][-]{subsection.2.2.1}{\376\377\000T\000h\000e\000\040\000s\000e\000a\000r\000c\000h\000\040\000f\000o\000r\000\040\000a\000\040\000v\000i\000c\000t\000i\000m}{section.2.2}% 7
\BOOKMARK [2][-]{subsection.2.2.2}{\376\377\000T\000r\000i\000c\000k\000i\000n\000g\000\040\000t\000h\000e\000\040\000v\000i\000c\000t\000i\000m}{section.2.2}% 8
\BOOKMARK [2][-]{subsection.2.2.3}{\376\377\000C\000o\000m\000p\000r\000o\000m\000i\000s\000i\000n\000g\000\040\000t\000h\000e\000\040\000v\000i\000c\000t\000i\000m\000'\000s\000\040\000m\000a\000c\000h\000i\000n\000e}{section.2.2}% 9
\BOOKMARK [2][-]{subsection.2.2.4}{\376\377\000N\000o\000t\000i\000f\000y\000i\000n\000g\000\040\000t\000h\000e\000\040\000v\000i\000c\000t\000i\000m}{section.2.2}% 10
\BOOKMARK [2][-]{subsection.2.2.5}{\376\377\000d\000e\000c\000r\000y\000p\000t\000i\000o\000n}{section.2.2}% 11
\BOOKMARK [1][-]{section.2.3}{\376\377\000H\000i\000s\000t\000o\000r\000y\000\040\000o\000f\000\040\000G\000e\000n\000e\000r\000a\000t\000i\000o\000n\000s}{chapter.2}% 12
\BOOKMARK [0][-]{chapter.3}{\376\377\000C\000r\000e\000a\000t\000i\000o\000n\000\040\000o\000f\000\040\000t\000h\000e\000\040\000R\000a\000n\000s\000o\000m\000e\000w\000a\000r\000e}{}% 13
\BOOKMARK [1][-]{section.3.1}{\376\377\000I\000m\000p\000l\000e\000m\000e\000n\000t\000a\000t\000i\000o\000n}{chapter.3}% 14
\BOOKMARK [1][-]{section.3.2}{\376\377\000E\000n\000c\000r\000y\000p\000t\000i\000o\000n}{chapter.3}% 15
\BOOKMARK [1][-]{section.3.3}{\376\377\000E\000x\000t\000o\000r\000t\000i\000o\000n}{chapter.3}% 16
\BOOKMARK [1][-]{section.3.4}{\376\377\000D\000e\000c\000r\000y\000p\000t\000i\000o\000n}{chapter.3}% 17
\BOOKMARK [1][-]{section.3.5}{\376\377\000T\000r\000i\000c\000k\000\040\000t\000h\000e\000\040\000v\000i\000c\000t\000i\000m}{chapter.3}% 18
\BOOKMARK [2][-]{subsection.3.5.1}{\376\377\000R\000i\000g\000h\000t\000\040\000t\000o\000\040\000L\000e\000f\000t\000\040\000n\000o\000t\000a\000t\000i\000o\000n}{section.3.5}% 19
\BOOKMARK [2][-]{subsection.3.5.2}{\376\377\000B\000i\000n\000d\000i\000n\000g\000\040\000t\000h\000e\000\040\000e\000x\000e\000\040\000w\000i\000t\000h\000\040\000a\000n\000o\000t\000h\000e\000r\000\040\000f\000i\000l\000e}{section.3.5}% 20
\BOOKMARK [1][-]{section.3.6}{\376\377\000E\000v\000a\000l\000u\000a\000t\000i\000o\000n}{chapter.3}% 21
\BOOKMARK [0][-]{chapter.4}{\376\377\000C\000o\000n\000c\000l\000u\000s\000i\000o\000n}{}% 22
\BOOKMARK [0][-]{appendix.A}{\376\377\000C\000o\000d\000e}{}% 23
